2019-07-30 21:09:29 [scrapy.utils.log] INFO: Scrapy 1.6.0 started (bot: scrapy_app)
2019-07-30 21:09:29 [scrapy.utils.log] INFO: Versions: lxml 4.3.4.0, libxml2 2.9.9, cssselect 1.0.3, parsel 1.5.1, w3lib 1.20.0, Twisted 19.2.1, Python 3.6.8 (default, Jan 14 2019, 11:02:34) - [GCC 8.0.1 20180414 (experimental) [trunk revision 259383]], pyOpenSSL 19.0.0 (OpenSSL 1.1.1c  28 May 2019), cryptography 2.7, Platform Linux-4.18.0-25-generic-x86_64-with-Ubuntu-18.04-bionic
2019-07-30 21:09:29 [scrapy.crawler] INFO: Overridden settings: {'BOT_NAME': 'scrapy_app', 'LOG_FILE': 'logs/default/googlesearch/291712e2b2f511e9b732100ba936b72c.log', 'NEWSPIDER_MODULE': 'scrapy_app.spiders', 'SPIDER_MODULES': ['scrapy_app.spiders']}
2019-07-30 21:09:29 [scrapy.extensions.telnet] INFO: Telnet Password: 1a967776805936d4
2019-07-30 21:09:29 [scrapy.middleware] INFO: Enabled extensions:
['scrapy.extensions.corestats.CoreStats',
 'scrapy.extensions.telnet.TelnetConsole',
 'scrapy.extensions.memusage.MemoryUsage',
 'scrapy.extensions.logstats.LogStats']
2019-07-30 21:09:30 [scrapy.middleware] INFO: Enabled downloader middlewares:
['scrapy.downloadermiddlewares.httpauth.HttpAuthMiddleware',
 'scrapy.downloadermiddlewares.downloadtimeout.DownloadTimeoutMiddleware',
 'scrapy.downloadermiddlewares.defaultheaders.DefaultHeadersMiddleware',
 'scrapy.downloadermiddlewares.useragent.UserAgentMiddleware',
 'scrapy.downloadermiddlewares.retry.RetryMiddleware',
 'scrapy.downloadermiddlewares.redirect.MetaRefreshMiddleware',
 'scrapy.downloadermiddlewares.httpcompression.HttpCompressionMiddleware',
 'scrapy.downloadermiddlewares.redirect.RedirectMiddleware',
 'scrapy.downloadermiddlewares.cookies.CookiesMiddleware',
 'scrapy.downloadermiddlewares.httpproxy.HttpProxyMiddleware',
 'scrapy.downloadermiddlewares.stats.DownloaderStats']
2019-07-30 21:09:30 [scrapy.middleware] INFO: Enabled spider middlewares:
['scrapy.spidermiddlewares.httperror.HttpErrorMiddleware',
 'scrapy.spidermiddlewares.offsite.OffsiteMiddleware',
 'scrapy.spidermiddlewares.referer.RefererMiddleware',
 'scrapy.spidermiddlewares.urllength.UrlLengthMiddleware',
 'scrapy.spidermiddlewares.depth.DepthMiddleware']
2019-07-30 21:09:30 [scrapy.middleware] INFO: Enabled item pipelines:
['scrapy_app.pipelines.ScrapyAppPipeline']
2019-07-30 21:09:30 [scrapy.core.engine] INFO: Spider opened
2019-07-30 21:09:30 [scrapy.extensions.logstats] INFO: Crawled 0 pages (at 0 pages/min), scraped 0 items (at 0 items/min)
2019-07-30 21:09:30 [scrapy.extensions.telnet] INFO: Telnet console listening on 127.0.0.1:6029
2019-07-30 21:09:32 [scrapy.core.engine] DEBUG: Crawled (200) <GET https://www.google.com.ua/search?q=aasdad> (referer: None)
2019-07-30 21:09:32 [scrapy.core.scraper] DEBUG: Scraped from <200 https://www.google.com.ua/search?q=aasdad>
{'keywords': 'aasdad',
 'link': 'https://www.facebook.com',
 'positionID': 1,
 'title': 'Aasdad - Home | Facebook'}
2019-07-30 21:09:32 [scrapy.core.scraper] DEBUG: Scraped from <200 https://www.google.com.ua/search?q=aasdad>
{'keywords': 'aasdad',
 'link': 'https://www.facebook.com',
 'positionID': 2,
 'title': 'aasdad - Home | Facebook'}
2019-07-30 21:09:32 [scrapy.core.scraper] DEBUG: Scraped from <200 https://www.google.com.ua/search?q=aasdad>
{'keywords': 'aasdad',
 'link': 'https://www.youtube.com',
 'positionID': 3,
 'title': 'aasdad - YouTube'}
2019-07-30 21:09:32 [scrapy.core.scraper] DEBUG: Scraped from <200 https://www.google.com.ua/search?q=aasdad>
{'keywords': 'aasdad',
 'link': 'https://www.youtube.com',
 'positionID': 4,
 'title': 'MiniLve vs aasdad - YouTube'}
2019-07-30 21:09:32 [scrapy.core.scraper] DEBUG: Scraped from <200 https://www.google.com.ua/search?q=aasdad>
{'keywords': 'aasdad',
 'link': 'https://www.youtube.com',
 'positionID': 5,
 'title': 'aasdad - YouTube'}
2019-07-30 21:09:32 [scrapy.core.scraper] DEBUG: Scraped from <200 https://www.google.com.ua/search?q=aasdad>
{'keywords': 'aasdad',
 'link': 'https://minecraft.novaskin.me',
 'positionID': 6,
 'title': '#aasdad | Nova Skin'}
2019-07-30 21:09:32 [scrapy.core.scraper] DEBUG: Scraped from <200 https://www.google.com.ua/search?q=aasdad>
{'keywords': 'aasdad',
 'link': 'https://www.roblox.com',
 'positionID': 7,
 'title': 'aasdad - Roblox'}
2019-07-30 21:09:32 [scrapy.core.scraper] DEBUG: Scraped from <200 https://www.google.com.ua/search?q=aasdad>
{'keywords': 'aasdad',
 'link': 'https://www.twitch.tv',
 'positionID': 8,
 'title': 'KIKXD - aasdad - Twitch'}
2019-07-30 21:09:32 [scrapy.core.scraper] DEBUG: Scraped from <200 https://www.google.com.ua/search?q=aasdad>
{'keywords': 'aasdad',
 'link': 'https://www.flickr.com',
 'positionID': 9,
 'title': 'aasdad | Flickr'}
2019-07-30 21:09:32 [scrapy.core.scraper] ERROR: Spider error processing <GET https://www.google.com.ua/search?q=aasdad> (referer: None)
Traceback (most recent call last):
  File "/home/selebinka/MyProjects/GoogleSearchSpider/venv/lib/python3.6/site-packages/scrapy/utils/defer.py", line 102, in iter_errback
    yield next(it)
  File "/home/selebinka/MyProjects/GoogleSearchSpider/venv/lib/python3.6/site-packages/scrapy/spidermiddlewares/offsite.py", line 29, in process_spider_output
    for x in result:
  File "/home/selebinka/MyProjects/GoogleSearchSpider/venv/lib/python3.6/site-packages/scrapy/spidermiddlewares/referer.py", line 339, in <genexpr>
    return (_set_referer(r) for r in result or ())
  File "/home/selebinka/MyProjects/GoogleSearchSpider/venv/lib/python3.6/site-packages/scrapy/spidermiddlewares/urllength.py", line 37, in <genexpr>
    return (r for r in result or () if _filter(r))
  File "/home/selebinka/MyProjects/GoogleSearchSpider/venv/lib/python3.6/site-packages/scrapy/spidermiddlewares/depth.py", line 58, in <genexpr>
    return (r for r in result or () if _filter(r))
  File "/home/selebinka/MyProjects/GoogleSearchSpider/gsCrawler/scrapy_app/scrapy_app/spiders/googlesearch.py", line 38, in parse
    if next_page:
UnboundLocalError: local variable 'next_page' referenced before assignment
2019-07-30 21:09:32 [scrapy.core.engine] INFO: Closing spider (finished)
2019-07-30 21:09:32 [scrapy.statscollectors] INFO: Dumping Scrapy stats:
{'downloader/request_bytes': 231,
 'downloader/request_count': 1,
 'downloader/request_method_count/GET': 1,
 'downloader/response_bytes': 36662,
 'downloader/response_count': 1,
 'downloader/response_status_count/200': 1,
 'finish_reason': 'finished',
 'finish_time': datetime.datetime(2019, 7, 30, 18, 9, 32, 424009),
 'item_scraped_count': 9,
 'log_count/DEBUG': 10,
 'log_count/ERROR': 1,
 'log_count/INFO': 9,
 'memusage/max': 69144576,
 'memusage/startup': 69144576,
 'response_received_count': 1,
 'scheduler/dequeued': 1,
 'scheduler/dequeued/memory': 1,
 'scheduler/enqueued': 1,
 'scheduler/enqueued/memory': 1,
 'spider_exceptions/UnboundLocalError': 1,
 'start_time': datetime.datetime(2019, 7, 30, 18, 9, 30, 103685)}
2019-07-30 21:09:32 [scrapy.core.engine] INFO: Spider closed (finished)
