2019-07-31 11:22:21 [scrapy.utils.log] INFO: Scrapy 1.6.0 started (bot: scrapy_app)
2019-07-31 11:22:21 [scrapy.utils.log] INFO: Versions: lxml 4.3.4.0, libxml2 2.9.9, cssselect 1.0.3, parsel 1.5.1, w3lib 1.20.0, Twisted 19.2.1, Python 3.6.8 (default, Jan 14 2019, 11:02:34) - [GCC 8.0.1 20180414 (experimental) [trunk revision 259383]], pyOpenSSL 19.0.0 (OpenSSL 1.1.1c  28 May 2019), cryptography 2.7, Platform Linux-4.18.0-25-generic-x86_64-with-Ubuntu-18.04-bionic
2019-07-31 11:22:21 [scrapy.crawler] INFO: Overridden settings: {'AUTOTHROTTLE_ENABLED': True, 'AUTOTHROTTLE_START_DELAY': 3, 'BOT_NAME': 'scrapy_app', 'COOKIES_ENABLED': False, 'LOG_FILE': 'logs/default/googlesearch/5043fe30b36c11e9a026e4115b35c2d0.log', 'NEWSPIDER_MODULE': 'scrapy_app.spiders', 'SPIDER_MODULES': ['scrapy_app.spiders'], 'USER_AGENT': 'Chrome/61.0.3163.79'}
2019-07-31 11:22:21 [scrapy.extensions.telnet] INFO: Telnet Password: a7cc0df027a18f90
2019-07-31 11:22:21 [scrapy.middleware] INFO: Enabled extensions:
['scrapy.extensions.corestats.CoreStats',
 'scrapy.extensions.telnet.TelnetConsole',
 'scrapy.extensions.memusage.MemoryUsage',
 'scrapy.extensions.logstats.LogStats',
 'scrapy.extensions.throttle.AutoThrottle']
2019-07-31 11:22:21 [scrapy.middleware] INFO: Enabled downloader middlewares:
['scrapy.downloadermiddlewares.httpauth.HttpAuthMiddleware',
 'scrapy.downloadermiddlewares.downloadtimeout.DownloadTimeoutMiddleware',
 'scrapy.downloadermiddlewares.defaultheaders.DefaultHeadersMiddleware',
 'scrapy.downloadermiddlewares.useragent.UserAgentMiddleware',
 'scrapy.downloadermiddlewares.retry.RetryMiddleware',
 'scrapy.downloadermiddlewares.redirect.MetaRefreshMiddleware',
 'scrapy.downloadermiddlewares.httpcompression.HttpCompressionMiddleware',
 'scrapy.downloadermiddlewares.redirect.RedirectMiddleware',
 'scrapy.downloadermiddlewares.httpproxy.HttpProxyMiddleware',
 'scrapy.downloadermiddlewares.stats.DownloaderStats']
2019-07-31 11:22:21 [scrapy.middleware] INFO: Enabled spider middlewares:
['scrapy.spidermiddlewares.httperror.HttpErrorMiddleware',
 'scrapy.spidermiddlewares.offsite.OffsiteMiddleware',
 'scrapy.spidermiddlewares.referer.RefererMiddleware',
 'scrapy.spidermiddlewares.urllength.UrlLengthMiddleware',
 'scrapy.spidermiddlewares.depth.DepthMiddleware']
2019-07-31 11:22:21 [scrapy.middleware] INFO: Enabled item pipelines:
['scrapy_app.pipelines.ScrapyAppPipeline']
2019-07-31 11:22:21 [scrapy.core.engine] INFO: Spider opened
2019-07-31 11:22:21 [scrapy.extensions.logstats] INFO: Crawled 0 pages (at 0 pages/min), scraped 0 items (at 0 items/min)
2019-07-31 11:22:21 [scrapy.extensions.telnet] INFO: Telnet console listening on 127.0.0.1:6023
2019-07-31 11:22:23 [scrapy.core.engine] DEBUG: Crawled (200) <GET https://www.google.com.ua/search?q=%D0%94%D0%A2%D0%9F%20%D0%BA%D0%B8%D0%B5%D0%B2> (referer: None)
2019-07-31 11:22:23 [scrapy.core.scraper] DEBUG: Scraped from <200 https://www.google.com.ua/search?q=%D0%94%D0%A2%D0%9F%20%D0%BA%D0%B8%D0%B5%D0%B2>
{'keywords': 'ДТП киев',
 'link': 'https://www.segodnya.ua',
 'positionID': 1,
 'title': 'В Киеве произошло масштабное ДТП: пострадали ... - Сегодня'}
2019-07-31 11:22:23 [scrapy.core.scraper] DEBUG: Scraped from <200 https://www.google.com.ua/search?q=%D0%94%D0%A2%D0%9F%20%D0%BA%D0%B8%D0%B5%D0%B2>
{'keywords': 'ДТП киев',
 'link': 'https://www.facebook.com',
 'positionID': 2,
 'title': 'dtp.kiev.ua - Home | Facebook'}
2019-07-31 11:22:23 [scrapy.core.scraper] DEBUG: Scraped from <200 https://www.google.com.ua/search?q=%D0%94%D0%A2%D0%9F%20%D0%BA%D0%B8%D0%B5%D0%B2>
{'keywords': 'ДТП киев',
 'link': 'https://dtp.kiev.ua',
 'positionID': 3,
 'title': 'dtp.kiev.ua: ДТП в Киеве за сегодня, вчера и всю неделю ...'}
2019-07-31 11:22:23 [scrapy.core.scraper] DEBUG: Scraped from <200 https://www.google.com.ua/search?q=%D0%94%D0%A2%D0%9F%20%D0%BA%D0%B8%D0%B5%D0%B2>
{'keywords': 'ДТП киев',
 'link': 'https://kiev.vgorode.ua',
 'positionID': 4,
 'title': 'ДТП в Киеве за сегодня, вчера и всю неделю. Хроники ДТП - Киев'}
2019-07-31 11:22:23 [scrapy.core.scraper] DEBUG: Scraped from <200 https://www.google.com.ua/search?q=%D0%94%D0%A2%D0%9F%20%D0%BA%D0%B8%D0%B5%D0%B2>
{'keywords': 'ДТП киев',
 'link': 'https://korrespondent.net',
 'positionID': 5,
 'title': 'ДТП. Все новости ДТП сегодня (фото, видео) на Korrespondent.net'}
2019-07-31 11:22:23 [scrapy.core.scraper] DEBUG: Scraped from <200 https://www.google.com.ua/search?q=%D0%94%D0%A2%D0%9F%20%D0%BA%D0%B8%D0%B5%D0%B2>
{'keywords': 'ДТП киев',
 'link': 'https://www.obozrevatel.com',
 'positionID': 6,
 'title': 'ДТП в Киеве - читайте последние новости, смотрите фото и видео'}
2019-07-31 11:22:23 [scrapy.core.scraper] DEBUG: Scraped from <200 https://www.google.com.ua/search?q=%D0%94%D0%A2%D0%9F%20%D0%BA%D0%B8%D0%B5%D0%B2>
{'keywords': 'ДТП киев',
 'link': 'https://fraza.ua',
 'positionID': 7,
 'title': 'ДТП в Киеве: пострадали дети / Видео-Новости - Fraza.ua'}
2019-07-31 11:22:23 [scrapy.core.scraper] DEBUG: Scraped from <200 https://www.google.com.ua/search?q=%D0%94%D0%A2%D0%9F%20%D0%BA%D0%B8%D0%B5%D0%B2>
{'keywords': 'ДТП киев',
 'link': 'https://nashkiev.ua',
 'positionID': 8,
 'title': 'ДТП - Наш Киев'}
2019-07-31 11:22:23 [scrapy.core.scraper] DEBUG: Scraped from <200 https://www.google.com.ua/search?q=%D0%94%D0%A2%D0%9F%20%D0%BA%D0%B8%D0%B5%D0%B2>
{'keywords': 'ДТП киев',
 'link': 'https://www.instagram.com',
 'positionID': 9,
 'title': '@dtp.kiev.ua • Фото и видео в Instagram'}
2019-07-31 11:22:27 [scrapy.core.engine] DEBUG: Crawled (200) <GET https://www.google.com.ua/search?q=%D0%94%D0%A2%D0%9F+%D0%BA%D0%B8%D0%B5%D0%B2&ie=UTF-8&ei=vk9BXcG5M4We-gTavJHoAg&start=10> (referer: https://www.google.com.ua/search?q=%D0%94%D0%A2%D0%9F%20%D0%BA%D0%B8%D0%B5%D0%B2)
2019-07-31 11:22:27 [scrapy.core.scraper] DEBUG: Scraped from <200 https://www.google.com.ua/search?q=%D0%94%D0%A2%D0%9F+%D0%BA%D0%B8%D0%B5%D0%B2&ie=UTF-8&ei=vk9BXcG5M4We-gTavJHoAg&start=10>
{'keywords': 'ДТП киев',
 'link': 'https://www.rbc.ua',
 'positionID': 10,
 'title': 'ДТП в Киеве - новости об авариях на дорогах Украины'}
2019-07-31 11:22:27 [scrapy.core.scraper] DEBUG: Scraped from <200 https://www.google.com.ua/search?q=%D0%94%D0%A2%D0%9F+%D0%BA%D0%B8%D0%B5%D0%B2&ie=UTF-8&ei=vk9BXcG5M4We-gTavJHoAg&start=10>
{'keywords': 'ДТП киев',
 'link': 'https://antikor.com.ua',
 'positionID': 11,
 'title': 'Все новости с тегом: ДТП • Портал АНТИКОР'}
2019-07-31 11:22:27 [scrapy.core.scraper] DEBUG: Scraped from <200 https://www.google.com.ua/search?q=%D0%94%D0%A2%D0%9F+%D0%BA%D0%B8%D0%B5%D0%B2&ie=UTF-8&ei=vk9BXcG5M4We-gTavJHoAg&start=10>
{'keywords': 'ДТП киев',
 'link': 'https://kyivoperativ.info',
 'positionID': 12,
 'title': 'Киев Оперативный'}
2019-07-31 11:22:27 [scrapy.core.scraper] DEBUG: Scraped from <200 https://www.google.com.ua/search?q=%D0%94%D0%A2%D0%9F+%D0%BA%D0%B8%D0%B5%D0%B2&ie=UTF-8&ei=vk9BXcG5M4We-gTavJHoAg&start=10>
{'keywords': 'ДТП киев',
 'link': 'https://kiev.informator.ua',
 'positionID': 13,
 'title': 'Под Киевом байкер зацепил бетонный блок и упал: тело ...'}
2019-07-31 11:22:27 [scrapy.core.scraper] DEBUG: Scraped from <200 https://www.google.com.ua/search?q=%D0%94%D0%A2%D0%9F+%D0%BA%D0%B8%D0%B5%D0%B2&ie=UTF-8&ei=vk9BXcG5M4We-gTavJHoAg&start=10>
{'keywords': 'ДТП киев',
 'link': 'https://vesti-ukr.com',
 'positionID': 14,
 'title': 'ДТП новости и статьи. Читайте все публикации по теме: ДТП ...'}
2019-07-31 11:22:27 [scrapy.core.scraper] DEBUG: Scraped from <200 https://www.google.com.ua/search?q=%D0%94%D0%A2%D0%9F+%D0%BA%D0%B8%D0%B5%D0%B2&ie=UTF-8&ei=vk9BXcG5M4We-gTavJHoAg&start=10>
{'keywords': 'ДТП киев',
 'link': 'https://www.youtube.com',
 'positionID': 15,
 'title': 'dtp.kiev.ua - YouTube'}
2019-07-31 11:22:27 [scrapy.core.scraper] DEBUG: Scraped from <200 https://www.google.com.ua/search?q=%D0%94%D0%A2%D0%9F+%D0%BA%D0%B8%D0%B5%D0%B2&ie=UTF-8&ei=vk9BXcG5M4We-gTavJHoAg&start=10>
{'keywords': 'ДТП киев',
 'link': 'https://strana.ua',
 'positionID': 16,
 'title': 'Фото и карта - В Киеве три автомобиля попали в ДТП, образовав ...'}
2019-07-31 11:22:27 [scrapy.core.scraper] DEBUG: Scraped from <200 https://www.google.com.ua/search?q=%D0%94%D0%A2%D0%9F+%D0%BA%D0%B8%D0%B5%D0%B2&ie=UTF-8&ei=vk9BXcG5M4We-gTavJHoAg&start=10>
{'keywords': 'ДТП киев',
 'link': 'https://24tv.ua',
 'positionID': 17,
 'title': 'Аварии и ДТП - Новости по теме Аварии и ДТП - 24 Канал'}
2019-07-31 11:22:27 [scrapy.core.scraper] DEBUG: Scraped from <200 https://www.google.com.ua/search?q=%D0%94%D0%A2%D0%9F+%D0%BA%D0%B8%D0%B5%D0%B2&ie=UTF-8&ei=vk9BXcG5M4We-gTavJHoAg&start=10>
{'keywords': 'ДТП киев',
 'link': 'https://podrobnosti.ua',
 'positionID': 18,
 'title': 'Новости: ДТП, все за все время | podrobnosti.ua'}
2019-07-31 11:22:27 [scrapy.core.scraper] DEBUG: Scraped from <200 https://www.google.com.ua/search?q=%D0%94%D0%A2%D0%9F+%D0%BA%D0%B8%D0%B5%D0%B2&ie=UTF-8&ei=vk9BXcG5M4We-gTavJHoAg&start=10>
{'keywords': 'ДТП киев',
 'link': 'https://www.unn.com.ua',
 'positionID': 19,
 'title': 'Все ДТП — новости ДТП с видео и фото, последние ДТП сегодня'}
2019-07-31 11:22:30 [scrapy.core.engine] DEBUG: Crawled (200) <GET https://www.google.com.ua/search?q=%D0%94%D0%A2%D0%9F+%D0%BA%D0%B8%D0%B5%D0%B2&ie=UTF-8&ei=wk9BXdrfO-3JrgSchYiYBA&start=20> (referer: https://www.google.com.ua/search?q=%D0%94%D0%A2%D0%9F+%D0%BA%D0%B8%D0%B5%D0%B2&ie=UTF-8&ei=vk9BXcG5M4We-gTavJHoAg&start=10)
2019-07-31 11:22:31 [scrapy.core.scraper] DEBUG: Scraped from <200 https://www.google.com.ua/search?q=%D0%94%D0%A2%D0%9F+%D0%BA%D0%B8%D0%B5%D0%B2&ie=UTF-8&ei=wk9BXdrfO-3JrgSchYiYBA&start=20>
{'keywords': 'ДТП киев',
 'link': 'https://2day.kh.ua',
 'positionID': 20,
 'title': 'На трассе Киев-Одесса в ДТП погибли восемь человек | KHARKIV ...'}
2019-07-31 11:22:31 [scrapy.core.scraper] DEBUG: Scraped from <200 https://www.google.com.ua/search?q=%D0%94%D0%A2%D0%9F+%D0%BA%D0%B8%D0%B5%D0%B2&ie=UTF-8&ei=wk9BXdrfO-3JrgSchYiYBA&start=20>
{'keywords': 'ДТП киев',
 'link': 'https://magnolia-tv.com',
 'positionID': 21,
 'title': 'ДТП Киев | Магнолія-ТВ'}
2019-07-31 11:22:31 [scrapy.core.scraper] DEBUG: Scraped from <200 https://www.google.com.ua/search?q=%D0%94%D0%A2%D0%9F+%D0%BA%D0%B8%D0%B5%D0%B2&ie=UTF-8&ei=wk9BXdrfO-3JrgSchYiYBA&start=20>
{'keywords': 'ДТП киев',
 'link': 'https://www.unian.net',
 'positionID': 22,
 'title': 'Последние новости-происшествия сегодня - криминальные ...'}
2019-07-31 11:22:31 [scrapy.core.scraper] DEBUG: Scraped from <200 https://www.google.com.ua/search?q=%D0%94%D0%A2%D0%9F+%D0%BA%D0%B8%D0%B5%D0%B2&ie=UTF-8&ei=wk9BXdrfO-3JrgSchYiYBA&start=20>
{'keywords': 'ДТП киев',
 'link': 'https://www.ukrinform.ru',
 'positionID': 23,
 'title': 'ДТП - Укринформ'}
2019-07-31 11:22:31 [scrapy.core.scraper] DEBUG: Scraped from <200 https://www.google.com.ua/search?q=%D0%94%D0%A2%D0%9F+%D0%BA%D0%B8%D0%B5%D0%B2&ie=UTF-8&ei=wk9BXdrfO-3JrgSchYiYBA&start=20>
{'keywords': 'ДТП киев',
 'link': 'https://www.pravda.com.ua',
 'positionID': 24,
 'title': 'ДТП, все новости | Украинская правда'}
2019-07-31 11:22:31 [scrapy.core.scraper] DEBUG: Scraped from <200 https://www.google.com.ua/search?q=%D0%94%D0%A2%D0%9F+%D0%BA%D0%B8%D0%B5%D0%B2&ie=UTF-8&ei=wk9BXdrfO-3JrgSchYiYBA&start=20>
{'keywords': 'ДТП киев',
 'link': 'https://gis.kievcity.gov.ua',
 'positionID': 25,
 'title': 'ДТП | Геопортал | Інформаційно-аналітична система "Майно" м ...'}
2019-07-31 11:22:31 [scrapy.core.scraper] DEBUG: Scraped from <200 https://www.google.com.ua/search?q=%D0%94%D0%A2%D0%9F+%D0%BA%D0%B8%D0%B5%D0%B2&ie=UTF-8&ei=wk9BXdrfO-3JrgSchYiYBA&start=20>
{'keywords': 'ДТП киев',
 'link': 'https://www.ukr.net',
 'positionID': 26,
 'title': 'Все новости Киева на Ukr.net'}
2019-07-31 11:22:31 [scrapy.core.scraper] DEBUG: Scraped from <200 https://www.google.com.ua/search?q=%D0%94%D0%A2%D0%9F+%D0%BA%D0%B8%D0%B5%D0%B2&ie=UTF-8&ei=wk9BXdrfO-3JrgSchYiYBA&start=20>
{'keywords': 'ДТП киев',
 'link': 'https://fakty.com.ua',
 'positionID': 27,
 'title': 'ДТП в Киеве - последние новости о дорожно-транспортных ...'}
2019-07-31 11:22:31 [scrapy.core.scraper] DEBUG: Scraped from <200 https://www.google.com.ua/search?q=%D0%94%D0%A2%D0%9F+%D0%BA%D0%B8%D0%B5%D0%B2&ie=UTF-8&ei=wk9BXdrfO-3JrgSchYiYBA&start=20>
{'keywords': 'ДТП киев',
 'link': 'https://ru.tsn.ua',
 'positionID': 28,
 'title': 'ДТП на трассе Киев-Чоп: за аварии возникли длинные пробки ...'}
2019-07-31 11:22:34 [scrapy.core.engine] DEBUG: Crawled (200) <GET https://www.google.com.ua/search?q=%D0%94%D0%A2%D0%9F+%D0%BA%D0%B8%D0%B5%D0%B2&ie=UTF-8&ei=xk9BXZH5I9DMrgTIqZ1I&start=30> (referer: https://www.google.com.ua/search?q=%D0%94%D0%A2%D0%9F+%D0%BA%D0%B8%D0%B5%D0%B2&ie=UTF-8&ei=wk9BXdrfO-3JrgSchYiYBA&start=20)
2019-07-31 11:22:34 [scrapy.core.scraper] DEBUG: Scraped from <200 https://www.google.com.ua/search?q=%D0%94%D0%A2%D0%9F+%D0%BA%D0%B8%D0%B5%D0%B2&ie=UTF-8&ei=xk9BXZH5I9DMrgTIqZ1I&start=30>
{'keywords': 'ДТП киев',
 'link': 'https://topgir.com.ua',
 'positionID': 29,
 'title': 'Нарушитель на Ferrari едва не спровоцировал ДТП в Киеве (видео)'}
2019-07-31 11:22:34 [scrapy.core.scraper] DEBUG: Scraped from <200 https://www.google.com.ua/search?q=%D0%94%D0%A2%D0%9F+%D0%BA%D0%B8%D0%B5%D0%B2&ie=UTF-8&ei=xk9BXZH5I9DMrgTIqZ1I&start=30>
{'keywords': 'ДТП киев',
 'link': 'https://apostrophe.ua',
 'positionID': 30,
 'title': 'Новости Киева - Появились новые подробности о ДТП с ...'}
2019-07-31 11:22:34 [scrapy.core.scraper] DEBUG: Scraped from <200 https://www.google.com.ua/search?q=%D0%94%D0%A2%D0%9F+%D0%BA%D0%B8%D0%B5%D0%B2&ie=UTF-8&ei=xk9BXZH5I9DMrgTIqZ1I&start=30>
{'keywords': 'ДТП киев',
 'link': 'https://ua-reporter.com',
 'positionID': 31,
 'title': 'На трассе "Киев-Чоп" в Закарпатье произошло ДТП (ВИДЕО)'}
2019-07-31 11:22:34 [scrapy.core.scraper] DEBUG: Scraped from <200 https://www.google.com.ua/search?q=%D0%94%D0%A2%D0%9F+%D0%BA%D0%B8%D0%B5%D0%B2&ie=UTF-8&ei=xk9BXZH5I9DMrgTIqZ1I&start=30>
{'keywords': 'ДТП киев',
 'link': 'https://ru.espreso.tv',
 'positionID': 32,
 'title': 'Возле киевского рынка Юность произошло смертельное ДТП'}
2019-07-31 11:22:34 [scrapy.core.scraper] DEBUG: Scraped from <200 https://www.google.com.ua/search?q=%D0%94%D0%A2%D0%9F+%D0%BA%D0%B8%D0%B5%D0%B2&ie=UTF-8&ei=xk9BXZH5I9DMrgTIqZ1I&start=30>
{'keywords': 'ДТП киев',
 'link': 'https://ukranews.com',
 'positionID': 33,
 'title': 'Смертельное ДТП в Киеве на проспекте Победы - авто ...'}
2019-07-31 11:22:34 [scrapy.core.scraper] DEBUG: Scraped from <200 https://www.google.com.ua/search?q=%D0%94%D0%A2%D0%9F+%D0%BA%D0%B8%D0%B5%D0%B2&ie=UTF-8&ei=xk9BXZH5I9DMrgTIqZ1I&start=30>
{'keywords': 'ДТП киев',
 'link': 'https://fakty.ua',
 'positionID': 34,
 'title': 'В Киеве водитель Chevrolet погиб в ДТП - фото - «ФАКТЫ»'}
2019-07-31 11:22:34 [scrapy.core.scraper] DEBUG: Scraped from <200 https://www.google.com.ua/search?q=%D0%94%D0%A2%D0%9F+%D0%BA%D0%B8%D0%B5%D0%B2&ie=UTF-8&ei=xk9BXZH5I9DMrgTIqZ1I&start=30>
{'keywords': 'ДТП киев',
 'link': 'https://znaj.ua',
 'positionID': 35,
 'title': 'Под Житомиром смертельное ДТП: пробка на 20 км полностью ...'}
2019-07-31 11:22:34 [scrapy.core.scraper] DEBUG: Scraped from <200 https://www.google.com.ua/search?q=%D0%94%D0%A2%D0%9F+%D0%BA%D0%B8%D0%B5%D0%B2&ie=UTF-8&ei=xk9BXZH5I9DMrgTIqZ1I&start=30>
{'keywords': 'ДТП киев',
 'link': 'https://lb.ua',
 'positionID': 36,
 'title': 'В ДТП на трассе "Киев-Чоп" сгорели двое военных - портал ...'}
2019-07-31 11:22:34 [scrapy.core.scraper] DEBUG: Scraped from <200 https://www.google.com.ua/search?q=%D0%94%D0%A2%D0%9F+%D0%BA%D0%B8%D0%B5%D0%B2&ie=UTF-8&ei=xk9BXZH5I9DMrgTIqZ1I&start=30>
{'keywords': 'ДТП киев',
 'link': 'https://golos.ua',
 'positionID': 37,
 'title': 'Тройное ДТП на Позняках в Киеве: Skoda снесла ... - ГолосUA'}
2019-07-31 11:22:34 [scrapy.core.scraper] DEBUG: Scraped from <200 https://www.google.com.ua/search?q=%D0%94%D0%A2%D0%9F+%D0%BA%D0%B8%D0%B5%D0%B2&ie=UTF-8&ei=xk9BXZH5I9DMrgTIqZ1I&start=30>
{'keywords': 'ДТП киев',
 'link': 'https://kyiv.depo.ua',
 'positionID': 38,
 'title': 'Куда лучше не ехать: Столичные дороги сковали затяжные ...'}
2019-07-31 11:22:38 [scrapy.core.engine] DEBUG: Crawled (200) <GET https://www.google.com.ua/search?q=%D0%94%D0%A2%D0%9F+%D0%BA%D0%B8%D0%B5%D0%B2&ie=UTF-8&ei=yk9BXfjjCayyrgS14LuwBA&start=40> (referer: https://www.google.com.ua/search?q=%D0%94%D0%A2%D0%9F+%D0%BA%D0%B8%D0%B5%D0%B2&ie=UTF-8&ei=xk9BXZH5I9DMrgTIqZ1I&start=30)
2019-07-31 11:22:38 [scrapy.core.scraper] DEBUG: Scraped from <200 https://www.google.com.ua/search?q=%D0%94%D0%A2%D0%9F+%D0%BA%D0%B8%D0%B5%D0%B2&ie=UTF-8&ei=yk9BXfjjCayyrgS14LuwBA&start=40>
{'keywords': 'ДТП киев',
 'link': 'https://news.liga.net',
 'positionID': 39,
 'title': 'ДТП в Киеве на площади Демиевская: четверо погибших – фото ...'}
2019-07-31 11:22:38 [scrapy.core.scraper] DEBUG: Scraped from <200 https://www.google.com.ua/search?q=%D0%94%D0%A2%D0%9F+%D0%BA%D0%B8%D0%B5%D0%B2&ie=UTF-8&ei=yk9BXfjjCayyrgS14LuwBA&start=40>
{'keywords': 'ДТП киев',
 'link': 'https://newsone.ua',
 'positionID': 40,
 'title': 'ДТП в центре Киева - Момент аварии попал на видео | NEWSONE'}
2019-07-31 11:22:38 [scrapy.core.scraper] DEBUG: Scraped from <200 https://www.google.com.ua/search?q=%D0%94%D0%A2%D0%9F+%D0%BA%D0%B8%D0%B5%D0%B2&ie=UTF-8&ei=yk9BXfjjCayyrgS14LuwBA&start=40>
{'keywords': 'ДТП киев',
 'link': 'https://nv.ua',
 'positionID': 41,
 'title': 'ДТП возле автовокзала в Киеве: погибли четыре человека / НВ'}
2019-07-31 11:22:38 [scrapy.core.scraper] DEBUG: Scraped from <200 https://www.google.com.ua/search?q=%D0%94%D0%A2%D0%9F+%D0%BA%D0%B8%D0%B5%D0%B2&ie=UTF-8&ei=yk9BXfjjCayyrgS14LuwBA&start=40>
{'keywords': 'ДТП киев',
 'link': 'https://gordonua.com',
 'positionID': 42,
 'title': 'В Киеве в ДТП погибло четыре человека / ГОРДОН'}
2019-07-31 11:22:38 [scrapy.core.scraper] DEBUG: Scraped from <200 https://www.google.com.ua/search?q=%D0%94%D0%A2%D0%9F+%D0%BA%D0%B8%D0%B5%D0%B2&ie=UTF-8&ei=yk9BXfjjCayyrgS14LuwBA&start=40>
{'keywords': 'ДТП киев',
 'link': 'https://nash.live',
 'positionID': 43,
 'title': 'В Киеве произошло масштабное ДТП - пострадали двое детей и ...'}
2019-07-31 11:22:38 [scrapy.core.scraper] DEBUG: Scraped from <200 https://www.google.com.ua/search?q=%D0%94%D0%A2%D0%9F+%D0%BA%D0%B8%D0%B5%D0%B2&ie=UTF-8&ei=yk9BXfjjCayyrgS14LuwBA&start=40>
{'keywords': 'ДТП киев',
 'link': 'https://ukraina.ru',
 'positionID': 44,
 'title': 'В Киеве столкнулись три легковых автомобиля и автобус ...'}
2019-07-31 11:22:38 [scrapy.core.scraper] DEBUG: Scraped from <200 https://www.google.com.ua/search?q=%D0%94%D0%A2%D0%9F+%D0%BA%D0%B8%D0%B5%D0%B2&ie=UTF-8&ei=yk9BXfjjCayyrgS14LuwBA&start=40>
{'keywords': 'ДТП киев',
 'link': 'https://autotheme.info',
 'positionID': 45,
 'title': 'Какие автомобили не выгодно восстанавливать после ДТП ...'}
2019-07-31 11:22:38 [scrapy.core.scraper] DEBUG: Scraped from <200 https://www.google.com.ua/search?q=%D0%94%D0%A2%D0%9F+%D0%BA%D0%B8%D0%B5%D0%B2&ie=UTF-8&ei=yk9BXfjjCayyrgS14LuwBA&start=40>
{'keywords': 'ДТП киев',
 'link': 'https://inforesist.org',
 'positionID': 46,
 'title': 'Тела разбросало по дороге: В Киеве произошло масштабное ДТП'}
2019-07-31 11:22:38 [scrapy.core.scraper] DEBUG: Scraped from <200 https://www.google.com.ua/search?q=%D0%94%D0%A2%D0%9F+%D0%BA%D0%B8%D0%B5%D0%B2&ie=UTF-8&ei=yk9BXfjjCayyrgS14LuwBA&start=40>
{'keywords': 'ДТП киев',
 'link': 'https://www.5.ua',
 'positionID': 47,
 'title': 'В Киевской области в ДТП погибли двое военных — 5 канал'}
2019-07-31 11:22:38 [scrapy.core.scraper] DEBUG: Scraped from <200 https://www.google.com.ua/search?q=%D0%94%D0%A2%D0%9F+%D0%BA%D0%B8%D0%B5%D0%B2&ie=UTF-8&ei=yk9BXfjjCayyrgS14LuwBA&start=40>
{'keywords': 'ДТП киев',
 'link': 'https://bigkiev.com.ua',
 'positionID': 48,
 'title': 'В Киевской области в ДТП с участием военного грузовика ...'}
2019-07-31 11:22:41 [scrapy.core.engine] DEBUG: Crawled (200) <GET https://www.google.com.ua/search?q=%D0%94%D0%A2%D0%9F+%D0%BA%D0%B8%D0%B5%D0%B2&ie=UTF-8&ei=zU9BXbDnLs32qwGY4ZOwAQ&start=50> (referer: https://www.google.com.ua/search?q=%D0%94%D0%A2%D0%9F+%D0%BA%D0%B8%D0%B5%D0%B2&ie=UTF-8&ei=yk9BXfjjCayyrgS14LuwBA&start=40)
2019-07-31 11:22:42 [scrapy.core.scraper] DEBUG: Scraped from <200 https://www.google.com.ua/search?q=%D0%94%D0%A2%D0%9F+%D0%BA%D0%B8%D0%B5%D0%B2&ie=UTF-8&ei=zU9BXbDnLs32qwGY4ZOwAQ&start=50>
{'keywords': 'ДТП киев',
 'link': 'https://www.dsnews.ua',
 'positionID': 49,
 'title': 'Сгорели заживо: На трассе Киев-Чоп произошло жуткое ДТП с ...'}
2019-07-31 11:22:42 [scrapy.core.scraper] DEBUG: Scraped from <200 https://www.google.com.ua/search?q=%D0%94%D0%A2%D0%9F+%D0%BA%D0%B8%D0%B5%D0%B2&ie=UTF-8&ei=zU9BXbDnLs32qwGY4ZOwAQ&start=50>
{'keywords': 'ДТП киев',
 'link': 'https://dumskaya.net',
 'positionID': 50,
 'title': 'На трассе «Одесса-Киев» произошло смертельное ДТП - Думская'}
2019-07-31 11:22:42 [scrapy.core.scraper] DEBUG: Scraped from <200 https://www.google.com.ua/search?q=%D0%94%D0%A2%D0%9F+%D0%BA%D0%B8%D0%B5%D0%B2&ie=UTF-8&ei=zU9BXbDnLs32qwGY4ZOwAQ&start=50>
{'keywords': 'ДТП киев',
 'link': 'https://racurs.ua',
 'positionID': 51,
 'title': 'Смертельное ДТП в Киеве: стало известно о деталях аварии ...'}
2019-07-31 11:22:42 [scrapy.core.scraper] DEBUG: Scraped from <200 https://www.google.com.ua/search?q=%D0%94%D0%A2%D0%9F+%D0%BA%D0%B8%D0%B5%D0%B2&ie=UTF-8&ei=zU9BXbDnLs32qwGY4ZOwAQ&start=50>
{'keywords': 'ДТП киев',
 'link': 'https://censor.net.ua',
 'positionID': 52,
 'title': 'ДТП в Киеве: Смертельное ДТП на Лобановского в Киеве (27.09 ...'}
2019-07-31 11:22:42 [scrapy.core.scraper] DEBUG: Scraped from <200 https://www.google.com.ua/search?q=%D0%94%D0%A2%D0%9F+%D0%BA%D0%B8%D0%B5%D0%B2&ie=UTF-8&ei=zU9BXbDnLs32qwGY4ZOwAQ&start=50>
{'keywords': 'ДТП киев',
 'link': 'https://kievvlast.com.ua',
 'positionID': 53,
 'title': 'В результате ДТП на Столичном шоссе в Киеве погибла девушка ...'}
2019-07-31 11:22:42 [scrapy.core.scraper] DEBUG: Scraped from <200 https://www.google.com.ua/search?q=%D0%94%D0%A2%D0%9F+%D0%BA%D0%B8%D0%B5%D0%B2&ie=UTF-8&ei=zU9BXbDnLs32qwGY4ZOwAQ&start=50>
{'keywords': 'ДТП киев',
 'link': 'https://sud.ua',
 'positionID': 54,
 'title': 'Смертельное ДТП в Киеве: легковушку при ударе смяло / В ...'}
2019-07-31 11:22:42 [scrapy.core.scraper] DEBUG: Scraped from <200 https://www.google.com.ua/search?q=%D0%94%D0%A2%D0%9F+%D0%BA%D0%B8%D0%B5%D0%B2&ie=UTF-8&ei=zU9BXbDnLs32qwGY4ZOwAQ&start=50>
{'keywords': 'ДТП киев',
 'link': 'https://kiev.politeka.net',
 'positionID': 55,
 'title': 'Пожилая «байкерша» разбилась в ДТП в Киеве: подробности и ...'}
2019-07-31 11:22:42 [scrapy.core.scraper] DEBUG: Scraped from <200 https://www.google.com.ua/search?q=%D0%94%D0%A2%D0%9F+%D0%BA%D0%B8%D0%B5%D0%B2&ie=UTF-8&ei=zU9BXbDnLs32qwGY4ZOwAQ&start=50>
{'keywords': 'ДТП киев',
 'link': 'https://zik.ua',
 'positionID': 56,
 'title': 'Масштабное ДТП в Киеве: погибли четверо людей – новости ZIK ...'}
2019-07-31 11:22:42 [scrapy.core.scraper] DEBUG: Scraped from <200 https://www.google.com.ua/search?q=%D0%94%D0%A2%D0%9F+%D0%BA%D0%B8%D0%B5%D0%B2&ie=UTF-8&ei=zU9BXbDnLs32qwGY4ZOwAQ&start=50>
{'keywords': 'ДТП киев',
 'link': 'https://trassae95.com',
 'positionID': 57,
 'title': 'ДТП на трассе Одесса - Киев - Трасса Е-95'}
2019-07-31 11:22:42 [scrapy.core.scraper] DEBUG: Scraped from <200 https://www.google.com.ua/search?q=%D0%94%D0%A2%D0%9F+%D0%BA%D0%B8%D0%B5%D0%B2&ie=UTF-8&ei=zU9BXbDnLs32qwGY4ZOwAQ&start=50>
{'keywords': 'ДТП киев',
 'link': 'https://glavred.info',
 'positionID': 58,
 'title': 'ДТП в Киеве — Жуткое смертельное ДТП в Киеве: в полиции ...'}
2019-07-31 11:22:45 [scrapy.core.engine] DEBUG: Crawled (200) <GET https://www.google.com.ua/search?q=%D0%94%D0%A2%D0%9F+%D0%BA%D0%B8%D0%B5%D0%B2&ie=UTF-8&ei=0U9BXfm1Ga2orgTjz42IAg&start=60> (referer: https://www.google.com.ua/search?q=%D0%94%D0%A2%D0%9F+%D0%BA%D0%B8%D0%B5%D0%B2&ie=UTF-8&ei=zU9BXbDnLs32qwGY4ZOwAQ&start=50)
2019-07-31 11:22:45 [scrapy.core.scraper] DEBUG: Scraped from <200 https://www.google.com.ua/search?q=%D0%94%D0%A2%D0%9F+%D0%BA%D0%B8%D0%B5%D0%B2&ie=UTF-8&ei=0U9BXfm1Ga2orgTjz42IAg&start=60>
{'keywords': 'ДТП киев',
 'link': 'https://glavred.info',
 'positionID': 59,
 'title': 'ДТП в Киеве — Жуткое смертельное ДТП в Киеве: в полиции ...'}
2019-07-31 11:22:45 [scrapy.core.scraper] DEBUG: Scraped from <200 https://www.google.com.ua/search?q=%D0%94%D0%A2%D0%9F+%D0%BA%D0%B8%D0%B5%D0%B2&ie=UTF-8&ei=0U9BXfm1Ga2orgTjz42IAg&start=60>
{'keywords': 'ДТП киев',
 'link': 'https://112.ua',
 'positionID': 60,
 'title': 'Смертельное ДТП на въезде в Киев - Спасатели освободили для ...'}
2019-07-31 11:22:45 [scrapy.core.scraper] DEBUG: Scraped from <200 https://www.google.com.ua/search?q=%D0%94%D0%A2%D0%9F+%D0%BA%D0%B8%D0%B5%D0%B2&ie=UTF-8&ei=0U9BXfm1Ga2orgTjz42IAg&start=60>
{'keywords': 'ДТП киев',
 'link': 'https://bykvu.com',
 'positionID': 61,
 'title': '«Шашки» на дороге в Киеве привели к смертельному ДТП - Буквы'}
2019-07-31 11:22:45 [scrapy.core.scraper] DEBUG: Scraped from <200 https://www.google.com.ua/search?q=%D0%94%D0%A2%D0%9F+%D0%BA%D0%B8%D0%B5%D0%B2&ie=UTF-8&ei=0U9BXfm1Ga2orgTjz42IAg&start=60>
{'keywords': 'ДТП киев',
 'link': 'https://kp.ua',
 'positionID': 62,
 'title': 'ДТП с маршруткой в Киеве: трое травмированы, один человек ...'}
2019-07-31 11:22:45 [scrapy.core.scraper] DEBUG: Scraped from <200 https://www.google.com.ua/search?q=%D0%94%D0%A2%D0%9F+%D0%BA%D0%B8%D0%B5%D0%B2&ie=UTF-8&ei=0U9BXfm1Ga2orgTjz42IAg&start=60>
{'keywords': 'ДТП киев',
 'link': 'https://focus.ua',
 'positionID': 63,
 'title': 'В Киеве произошло ДТП с участием фуры, есть пострадавшие ...'}
2019-07-31 11:22:45 [scrapy.core.scraper] DEBUG: Scraped from <200 https://www.google.com.ua/search?q=%D0%94%D0%A2%D0%9F+%D0%BA%D0%B8%D0%B5%D0%B2&ie=UTF-8&ei=0U9BXfm1Ga2orgTjz42IAg&start=60>
{'keywords': 'ДТП киев',
 'link': 'https://prm.ua',
 'positionID': 64,
 'title': 'В Барышевском районе на трассе Киев-Харьков ДТП ФОТО ...'}
2019-07-31 11:22:45 [scrapy.core.scraper] DEBUG: Scraped from <200 https://www.google.com.ua/search?q=%D0%94%D0%A2%D0%9F+%D0%BA%D0%B8%D0%B5%D0%B2&ie=UTF-8&ei=0U9BXfm1Ga2orgTjz42IAg&start=60>
{'keywords': 'ДТП киев',
 'link': 'https://informator.news',
 'positionID': 65,
 'title': 'На трассе Киев-Чоп погибли три человека: появились фото с ...'}
2019-07-31 11:22:45 [scrapy.core.scraper] DEBUG: Scraped from <200 https://www.google.com.ua/search?q=%D0%94%D0%A2%D0%9F+%D0%BA%D0%B8%D0%B5%D0%B2&ie=UTF-8&ei=0U9BXfm1Ga2orgTjz42IAg&start=60>
{'keywords': 'ДТП киев',
 'link': 'https://apravda.com',
 'positionID': 66,
 'title': 'В Киеве произошло ДТП с опрокидыванием: образовалась ...'}
2019-07-31 11:22:45 [scrapy.core.scraper] DEBUG: Scraped from <200 https://www.google.com.ua/search?q=%D0%94%D0%A2%D0%9F+%D0%BA%D0%B8%D0%B5%D0%B2&ie=UTF-8&ei=0U9BXfm1Ga2orgTjz42IAg&start=60>
{'keywords': 'ДТП киев',
 'link': 'https://books.google.com.ua',
 'positionID': 67,
 'title': 'Как не попасть в ДТП. Книга, которая спасет вам жизнь за рулем'}
2019-07-31 11:22:48 [scrapy.core.engine] INFO: Closing spider (finished)
2019-07-31 11:22:48 [scrapy.statscollectors] INFO: Dumping Scrapy stats:
{'downloader/request_bytes': 2789,
 'downloader/request_count': 7,
 'downloader/request_method_count/GET': 7,
 'downloader/response_bytes': 182645,
 'downloader/response_count': 7,
 'downloader/response_status_count/200': 7,
 'finish_reason': 'finished',
 'finish_time': datetime.datetime(2019, 7, 31, 8, 22, 48, 836547),
 'item_scraped_count': 67,
 'log_count/DEBUG': 74,
 'log_count/INFO': 9,
 'memusage/max': 69218304,
 'memusage/startup': 69218304,
 'request_depth_max': 6,
 'response_received_count': 7,
 'scheduler/dequeued': 7,
 'scheduler/dequeued/memory': 7,
 'scheduler/enqueued': 7,
 'scheduler/enqueued/memory': 7,
 'start_time': datetime.datetime(2019, 7, 31, 8, 22, 21, 752091)}
2019-07-31 11:22:48 [scrapy.core.engine] INFO: Spider closed (finished)
