2019-07-30 21:11:09 [scrapy.utils.log] INFO: Scrapy 1.6.0 started (bot: scrapy_app)
2019-07-30 21:11:09 [scrapy.utils.log] INFO: Versions: lxml 4.3.4.0, libxml2 2.9.9, cssselect 1.0.3, parsel 1.5.1, w3lib 1.20.0, Twisted 19.2.1, Python 3.6.8 (default, Jan 14 2019, 11:02:34) - [GCC 8.0.1 20180414 (experimental) [trunk revision 259383]], pyOpenSSL 19.0.0 (OpenSSL 1.1.1c  28 May 2019), cryptography 2.7, Platform Linux-4.18.0-25-generic-x86_64-with-Ubuntu-18.04-bionic
2019-07-30 21:11:09 [scrapy.crawler] INFO: Overridden settings: {'BOT_NAME': 'scrapy_app', 'LOG_FILE': 'logs/default/googlesearch/646d42dab2f511e9b732100ba936b72c.log', 'NEWSPIDER_MODULE': 'scrapy_app.spiders', 'SPIDER_MODULES': ['scrapy_app.spiders']}
2019-07-30 21:11:09 [scrapy.extensions.telnet] INFO: Telnet Password: 0a94ba98d033691d
2019-07-30 21:11:09 [scrapy.middleware] INFO: Enabled extensions:
['scrapy.extensions.corestats.CoreStats',
 'scrapy.extensions.telnet.TelnetConsole',
 'scrapy.extensions.memusage.MemoryUsage',
 'scrapy.extensions.logstats.LogStats']
2019-07-30 21:11:09 [scrapy.middleware] INFO: Enabled downloader middlewares:
['scrapy.downloadermiddlewares.httpauth.HttpAuthMiddleware',
 'scrapy.downloadermiddlewares.downloadtimeout.DownloadTimeoutMiddleware',
 'scrapy.downloadermiddlewares.defaultheaders.DefaultHeadersMiddleware',
 'scrapy.downloadermiddlewares.useragent.UserAgentMiddleware',
 'scrapy.downloadermiddlewares.retry.RetryMiddleware',
 'scrapy.downloadermiddlewares.redirect.MetaRefreshMiddleware',
 'scrapy.downloadermiddlewares.httpcompression.HttpCompressionMiddleware',
 'scrapy.downloadermiddlewares.redirect.RedirectMiddleware',
 'scrapy.downloadermiddlewares.cookies.CookiesMiddleware',
 'scrapy.downloadermiddlewares.httpproxy.HttpProxyMiddleware',
 'scrapy.downloadermiddlewares.stats.DownloaderStats']
2019-07-30 21:11:09 [scrapy.middleware] INFO: Enabled spider middlewares:
['scrapy.spidermiddlewares.httperror.HttpErrorMiddleware',
 'scrapy.spidermiddlewares.offsite.OffsiteMiddleware',
 'scrapy.spidermiddlewares.referer.RefererMiddleware',
 'scrapy.spidermiddlewares.urllength.UrlLengthMiddleware',
 'scrapy.spidermiddlewares.depth.DepthMiddleware']
2019-07-30 21:11:09 [scrapy.middleware] INFO: Enabled item pipelines:
['scrapy_app.pipelines.ScrapyAppPipeline']
2019-07-30 21:11:09 [scrapy.core.engine] INFO: Spider opened
2019-07-30 21:11:09 [scrapy.extensions.logstats] INFO: Crawled 0 pages (at 0 pages/min), scraped 0 items (at 0 items/min)
2019-07-30 21:11:09 [scrapy.extensions.telnet] INFO: Telnet console listening on 127.0.0.1:6029
2019-07-30 21:11:11 [scrapy.core.engine] DEBUG: Crawled (200) <GET https://www.google.com.ua/search?q=dedwe> (referer: None)
2019-07-30 21:11:11 [scrapy.core.scraper] DEBUG: Scraped from <200 https://www.google.com.ua/search?q=dedwe>
{'keywords': 'dedwe',
 'link': 'https://www.youtube.com',
 'positionID': 1,
 'title': 'Dedwe #Feijão.exe - YouTube'}
2019-07-30 21:11:11 [scrapy.core.scraper] DEBUG: Scraped from <200 https://www.google.com.ua/search?q=dedwe>
{'keywords': 'dedwe',
 'link': 'https://www.youtube.com',
 'positionID': 2,
 'title': 'DEDWE - YouTube'}
2019-07-30 21:11:11 [scrapy.core.scraper] DEBUG: Scraped from <200 https://www.google.com.ua/search?q=dedwe>
{'keywords': 'dedwe',
 'link': 'https://twitter.com',
 'positionID': 3,
 'title': 'dedwe (@edevaer) | Twitter'}
2019-07-30 21:11:11 [scrapy.core.scraper] DEBUG: Scraped from <200 https://www.google.com.ua/search?q=dedwe>
{'keywords': 'dedwe',
 'link': 'https://www.facebook.com',
 'positionID': 4,
 'title': 'Gedrad Dedwe | Facebook'}
2019-07-30 21:11:11 [scrapy.core.scraper] DEBUG: Scraped from <200 https://www.google.com.ua/search?q=dedwe>
{'keywords': 'dedwe',
 'link': 'https://www.facebook.com',
 'positionID': 5,
 'title': 'Fedfew Dedwe Profiles | Facebook'}
2019-07-30 21:11:11 [scrapy.core.scraper] DEBUG: Scraped from <200 https://www.google.com.ua/search?q=dedwe>
{'keywords': 'dedwe',
 'link': 'https://www.geni.com',
 'positionID': 6,
 'title': 'Dedwe Wedwd (deceased) - Genealogy - Geni'}
2019-07-30 21:11:11 [scrapy.core.scraper] DEBUG: Scraped from <200 https://www.google.com.ua/search?q=dedwe>
{'keywords': 'dedwe',
 'link': 'https://www.linkedin.com',
 'positionID': 7,
 'title': 'dedwe edwe - fdsfds - DFD CornoyerHedrick | LinkedIn'}
2019-07-30 21:11:11 [scrapy.core.scraper] DEBUG: Scraped from <200 https://www.google.com.ua/search?q=dedwe>
{'keywords': 'dedwe',
 'link': 'https://forebears.io',
 'positionID': 8,
 'title': 'Dedwe Surname Meaning, Origins & Distribution - Forebears'}
2019-07-30 21:11:11 [scrapy.core.scraper] DEBUG: Scraped from <200 https://www.google.com.ua/search?q=dedwe>
{'keywords': 'dedwe',
 'link': 'https://eu.forums.blizzard.com',
 'positionID': 9,
 'title': 'Профиль - Dedwe-outland - World of Warcraft Forums'}
2019-07-30 21:11:11 [scrapy.spidermiddlewares.offsite] DEBUG: Filtered offsite request to 'www.google.com.ua': <GET https://www.google.com.ua/search?q=dedwe&ie=UTF-8&ei=PohAXez5CouEoATu9o6gCg&start=10>
2019-07-30 21:11:11 [scrapy.core.engine] INFO: Closing spider (finished)
2019-07-30 21:11:11 [scrapy.statscollectors] INFO: Dumping Scrapy stats:
{'downloader/request_bytes': 230,
 'downloader/request_count': 1,
 'downloader/request_method_count/GET': 1,
 'downloader/response_bytes': 30917,
 'downloader/response_count': 1,
 'downloader/response_status_count/200': 1,
 'finish_reason': 'finished',
 'finish_time': datetime.datetime(2019, 7, 30, 18, 11, 11, 218162),
 'item_scraped_count': 9,
 'log_count/DEBUG': 11,
 'log_count/INFO': 9,
 'memusage/max': 68972544,
 'memusage/startup': 68972544,
 'offsite/domains': 1,
 'offsite/filtered': 1,
 'request_depth_max': 1,
 'response_received_count': 1,
 'scheduler/dequeued': 1,
 'scheduler/dequeued/memory': 1,
 'scheduler/enqueued': 1,
 'scheduler/enqueued/memory': 1,
 'start_time': datetime.datetime(2019, 7, 30, 18, 11, 9, 682253)}
2019-07-30 21:11:11 [scrapy.core.engine] INFO: Spider closed (finished)
