2019-07-30 21:08:09 [scrapy.utils.log] INFO: Scrapy 1.6.0 started (bot: scrapy_app)
2019-07-30 21:08:09 [scrapy.utils.log] INFO: Versions: lxml 4.3.4.0, libxml2 2.9.9, cssselect 1.0.3, parsel 1.5.1, w3lib 1.20.0, Twisted 19.2.1, Python 3.6.8 (default, Jan 14 2019, 11:02:34) - [GCC 8.0.1 20180414 (experimental) [trunk revision 259383]], pyOpenSSL 19.0.0 (OpenSSL 1.1.1c  28 May 2019), cryptography 2.7, Platform Linux-4.18.0-25-generic-x86_64-with-Ubuntu-18.04-bionic
2019-07-30 21:08:09 [scrapy.crawler] INFO: Overridden settings: {'BOT_NAME': 'scrapy_app', 'LOG_FILE': 'logs/default/googlesearch/f9b3bcdab2f411e9b732100ba936b72c.log', 'NEWSPIDER_MODULE': 'scrapy_app.spiders', 'SPIDER_MODULES': ['scrapy_app.spiders']}
2019-07-30 21:08:09 [scrapy.extensions.telnet] INFO: Telnet Password: 93371a27df3ae5f6
2019-07-30 21:08:09 [scrapy.middleware] INFO: Enabled extensions:
['scrapy.extensions.corestats.CoreStats',
 'scrapy.extensions.telnet.TelnetConsole',
 'scrapy.extensions.memusage.MemoryUsage',
 'scrapy.extensions.logstats.LogStats']
2019-07-30 21:08:09 [scrapy.middleware] INFO: Enabled downloader middlewares:
['scrapy.downloadermiddlewares.httpauth.HttpAuthMiddleware',
 'scrapy.downloadermiddlewares.downloadtimeout.DownloadTimeoutMiddleware',
 'scrapy.downloadermiddlewares.defaultheaders.DefaultHeadersMiddleware',
 'scrapy.downloadermiddlewares.useragent.UserAgentMiddleware',
 'scrapy.downloadermiddlewares.retry.RetryMiddleware',
 'scrapy.downloadermiddlewares.redirect.MetaRefreshMiddleware',
 'scrapy.downloadermiddlewares.httpcompression.HttpCompressionMiddleware',
 'scrapy.downloadermiddlewares.redirect.RedirectMiddleware',
 'scrapy.downloadermiddlewares.cookies.CookiesMiddleware',
 'scrapy.downloadermiddlewares.httpproxy.HttpProxyMiddleware',
 'scrapy.downloadermiddlewares.stats.DownloaderStats']
2019-07-30 21:08:09 [scrapy.middleware] INFO: Enabled spider middlewares:
['scrapy.spidermiddlewares.httperror.HttpErrorMiddleware',
 'scrapy.spidermiddlewares.offsite.OffsiteMiddleware',
 'scrapy.spidermiddlewares.referer.RefererMiddleware',
 'scrapy.spidermiddlewares.urllength.UrlLengthMiddleware',
 'scrapy.spidermiddlewares.depth.DepthMiddleware']
2019-07-30 21:08:09 [scrapy.middleware] INFO: Enabled item pipelines:
['scrapy_app.pipelines.ScrapyAppPipeline']
2019-07-30 21:08:09 [scrapy.core.engine] INFO: Spider opened
2019-07-30 21:08:09 [scrapy.extensions.logstats] INFO: Crawled 0 pages (at 0 pages/min), scraped 0 items (at 0 items/min)
2019-07-30 21:08:09 [scrapy.extensions.telnet] INFO: Telnet console listening on 127.0.0.1:6029
2019-07-30 21:08:10 [scrapy.core.engine] DEBUG: Crawled (200) <GET https://www.google.com.ua/search?q=korea> (referer: None)
2019-07-30 21:08:10 [scrapy.core.scraper] DEBUG: Scraped from <200 https://www.google.com.ua/search?q=korea>
{'keywords': 'korea',
 'link': 'https://ru.wikipedia.org',
 'positionID': 1,
 'title': 'Корея — Википедия'}
2019-07-30 21:08:10 [scrapy.core.scraper] DEBUG: Scraped from <200 https://www.google.com.ua/search?q=korea>
{'keywords': 'korea',
 'link': 'https://en.wikipedia.org',
 'positionID': 2,
 'title': 'Korea - Wikipedia'}
2019-07-30 21:08:10 [scrapy.core.scraper] DEBUG: Scraped from <200 https://www.google.com.ua/search?q=korea>
{'keywords': 'korea',
 'link': 'https://en.wikipedia.org',
 'positionID': 3,
 'title': 'South Korea - Wikipedia'}
2019-07-30 21:08:10 [scrapy.core.scraper] DEBUG: Scraped from <200 https://www.google.com.ua/search?q=korea>
{'keywords': 'korea',
 'link': 'https://russian.visitkorea.or.kr',
 'positionID': 4,
 'title': 'Путешествие в Корею'}
2019-07-30 21:08:10 [scrapy.core.scraper] DEBUG: Scraped from <200 https://www.google.com.ua/search?q=korea>
{'keywords': 'korea',
 'link': 'https://russian.korea.net',
 'positionID': 5,
 'title': 'Korea.net'}
2019-07-30 21:08:10 [scrapy.core.scraper] DEBUG: Scraped from <200 https://www.google.com.ua/search?q=korea>
{'keywords': 'korea',
 'link': 'https://www.facebook.com',
 'positionID': 6,
 'title': 'Embassy of Ukraine in the Republic of Korea - Home | Facebook'}
2019-07-30 21:08:10 [scrapy.core.scraper] DEBUG: Scraped from <200 https://www.google.com.ua/search?q=korea>
{'keywords': 'korea',
 'link': 'https://www.washingtonpost.com',
 'positionID': 7,
 'title': "South Korea's K-Pop now under spotlight of sex scandals - The ..."}
2019-07-30 21:08:10 [scrapy.core.scraper] DEBUG: Scraped from <200 https://www.google.com.ua/search?q=korea>
{'keywords': 'korea',
 'link': 'https://www.youtube.com',
 'positionID': 8,
 'title': 'Корейцы пробуют колбасу :) KOREA/ VLOG/ - YouTube'}
2019-07-30 21:08:10 [scrapy.core.scraper] DEBUG: Scraped from <200 https://www.google.com.ua/search?q=korea>
{'keywords': 'korea',
 'link': 'https://www.koreatimes.co.kr',
 'positionID': 9,
 'title': 'The Korea Times - Home'}
2019-07-30 21:08:10 [scrapy.core.scraper] DEBUG: Scraped from <200 https://www.google.com.ua/search?q=korea>
{'keywords': 'korea',
 'link': 'https://japantoday.com',
 'positionID': 10,
 'title': 'Japan-Korea trade spat to intensify with new export limits - Japan '
          '...'}
2019-07-30 21:08:10 [scrapy.core.scraper] ERROR: Spider error processing <GET https://www.google.com.ua/search?q=korea> (referer: None)
Traceback (most recent call last):
  File "/home/selebinka/MyProjects/GoogleSearchSpider/venv/lib/python3.6/site-packages/scrapy/utils/defer.py", line 102, in iter_errback
    yield next(it)
  File "/home/selebinka/MyProjects/GoogleSearchSpider/venv/lib/python3.6/site-packages/scrapy/spidermiddlewares/offsite.py", line 29, in process_spider_output
    for x in result:
  File "/home/selebinka/MyProjects/GoogleSearchSpider/venv/lib/python3.6/site-packages/scrapy/spidermiddlewares/referer.py", line 339, in <genexpr>
    return (_set_referer(r) for r in result or ())
  File "/home/selebinka/MyProjects/GoogleSearchSpider/venv/lib/python3.6/site-packages/scrapy/spidermiddlewares/urllength.py", line 37, in <genexpr>
    return (r for r in result or () if _filter(r))
  File "/home/selebinka/MyProjects/GoogleSearchSpider/venv/lib/python3.6/site-packages/scrapy/spidermiddlewares/depth.py", line 58, in <genexpr>
    return (r for r in result or () if _filter(r))
  File "/home/selebinka/MyProjects/GoogleSearchSpider/gsCrawler/scrapy_app/scrapy_app/spiders/googlesearch.py", line 38, in parse
    if next_page:
UnboundLocalError: local variable 'next_page' referenced before assignment
2019-07-30 21:08:10 [scrapy.core.engine] INFO: Closing spider (finished)
2019-07-30 21:08:10 [scrapy.statscollectors] INFO: Dumping Scrapy stats:
{'downloader/request_bytes': 230,
 'downloader/request_count': 1,
 'downloader/request_method_count/GET': 1,
 'downloader/response_bytes': 19872,
 'downloader/response_count': 1,
 'downloader/response_status_count/200': 1,
 'finish_reason': 'finished',
 'finish_time': datetime.datetime(2019, 7, 30, 18, 8, 10, 940539),
 'item_scraped_count': 10,
 'log_count/DEBUG': 11,
 'log_count/ERROR': 1,
 'log_count/INFO': 9,
 'memusage/max': 68919296,
 'memusage/startup': 68919296,
 'response_received_count': 1,
 'scheduler/dequeued': 1,
 'scheduler/dequeued/memory': 1,
 'scheduler/enqueued': 1,
 'scheduler/enqueued/memory': 1,
 'spider_exceptions/UnboundLocalError': 1,
 'start_time': datetime.datetime(2019, 7, 30, 18, 8, 9, 650620)}
2019-07-30 21:08:10 [scrapy.core.engine] INFO: Spider closed (finished)
