2019-07-31 11:27:16 [scrapy.utils.log] INFO: Scrapy 1.6.0 started (bot: scrapy_app)
2019-07-31 11:27:16 [scrapy.utils.log] INFO: Versions: lxml 4.3.4.0, libxml2 2.9.9, cssselect 1.0.3, parsel 1.5.1, w3lib 1.20.0, Twisted 19.2.1, Python 3.6.8 (default, Jan 14 2019, 11:02:34) - [GCC 8.0.1 20180414 (experimental) [trunk revision 259383]], pyOpenSSL 19.0.0 (OpenSSL 1.1.1c  28 May 2019), cryptography 2.7, Platform Linux-4.18.0-25-generic-x86_64-with-Ubuntu-18.04-bionic
2019-07-31 11:27:16 [scrapy.crawler] INFO: Overridden settings: {'AUTOTHROTTLE_ENABLED': True, 'AUTOTHROTTLE_START_DELAY': 3, 'BOT_NAME': 'scrapy_app', 'COOKIES_ENABLED': False, 'LOG_FILE': 'logs/default/googlesearch/febb34ceb36c11e9a026e4115b35c2d0.log', 'NEWSPIDER_MODULE': 'scrapy_app.spiders', 'SPIDER_MODULES': ['scrapy_app.spiders'], 'USER_AGENT': 'Chrome/61.0.3163.79'}
2019-07-31 11:27:16 [scrapy.extensions.telnet] INFO: Telnet Password: 38aef5ea753d3753
2019-07-31 11:27:16 [scrapy.middleware] INFO: Enabled extensions:
['scrapy.extensions.corestats.CoreStats',
 'scrapy.extensions.telnet.TelnetConsole',
 'scrapy.extensions.memusage.MemoryUsage',
 'scrapy.extensions.logstats.LogStats',
 'scrapy.extensions.throttle.AutoThrottle']
2019-07-31 11:27:16 [scrapy.middleware] INFO: Enabled downloader middlewares:
['scrapy.downloadermiddlewares.httpauth.HttpAuthMiddleware',
 'scrapy.downloadermiddlewares.downloadtimeout.DownloadTimeoutMiddleware',
 'scrapy.downloadermiddlewares.defaultheaders.DefaultHeadersMiddleware',
 'scrapy.downloadermiddlewares.useragent.UserAgentMiddleware',
 'scrapy.downloadermiddlewares.retry.RetryMiddleware',
 'scrapy.downloadermiddlewares.redirect.MetaRefreshMiddleware',
 'scrapy.downloadermiddlewares.httpcompression.HttpCompressionMiddleware',
 'scrapy.downloadermiddlewares.redirect.RedirectMiddleware',
 'scrapy.downloadermiddlewares.httpproxy.HttpProxyMiddleware',
 'scrapy.downloadermiddlewares.stats.DownloaderStats']
2019-07-31 11:27:16 [scrapy.middleware] INFO: Enabled spider middlewares:
['scrapy.spidermiddlewares.httperror.HttpErrorMiddleware',
 'scrapy.spidermiddlewares.offsite.OffsiteMiddleware',
 'scrapy.spidermiddlewares.referer.RefererMiddleware',
 'scrapy.spidermiddlewares.urllength.UrlLengthMiddleware',
 'scrapy.spidermiddlewares.depth.DepthMiddleware']
2019-07-31 11:27:16 [scrapy.middleware] INFO: Enabled item pipelines:
['scrapy_app.pipelines.ScrapyAppPipeline']
2019-07-31 11:27:16 [scrapy.core.engine] INFO: Spider opened
2019-07-31 11:27:16 [scrapy.extensions.logstats] INFO: Crawled 0 pages (at 0 pages/min), scraped 0 items (at 0 items/min)
2019-07-31 11:27:16 [scrapy.extensions.telnet] INFO: Telnet console listening on 127.0.0.1:6023
2019-07-31 11:27:17 [scrapy.core.engine] DEBUG: Crawled (200) <GET https://www.google.com.ua/search?q=clon> (referer: None)
2019-07-31 11:27:17 [scrapy.core.scraper] DEBUG: Scraped from <200 https://www.google.com.ua/search?q=clon>
{'keywords': 'clon',
 'link': 'https://uk.wikipedia.org',
 'positionID': 1,
 'title': 'Клон (телесеріал) — Вікіпедія'}
2019-07-31 11:27:17 [scrapy.core.scraper] DEBUG: Scraped from <200 https://www.google.com.ua/search?q=clon>
{'keywords': 'clon',
 'link': 'https://ru.wikipedia.org',
 'positionID': 2,
 'title': 'Клон (телесериал, 2001) — Википедия'}
2019-07-31 11:27:17 [scrapy.core.scraper] DEBUG: Scraped from <200 https://www.google.com.ua/search?q=clon>
{'keywords': 'clon',
 'link': 'https://www.youtube.com',
 'positionID': 3,
 'title': '127. Клон. Танец Жади для Саида - YouTube'}
2019-07-31 11:27:17 [scrapy.core.scraper] DEBUG: Scraped from <200 https://www.google.com.ua/search?q=clon>
{'keywords': 'clon',
 'link': 'https://www.youtube.com',
 'positionID': 4,
 'title': 'Сериал Клон - YouTube'}
2019-07-31 11:27:17 [scrapy.core.scraper] DEBUG: Scraped from <200 https://www.google.com.ua/search?q=clon>
{'keywords': 'clon',
 'link': 'https://klon-online.com',
 'positionID': 5,
 'title': 'Сериал Клон все сезоны смотреть онлайн'}
2019-07-31 11:27:17 [scrapy.core.scraper] DEBUG: Scraped from <200 https://www.google.com.ua/search?q=clon>
{'keywords': 'clon',
 'link': 'https://www.kinopoisk.ru',
 'positionID': 6,
 'title': 'Клон (сериал, 1 сезон) — КиноПоиск'}
2019-07-31 11:27:17 [scrapy.core.scraper] DEBUG: Scraped from <200 https://www.google.com.ua/search?q=clon>
{'keywords': 'clon',
 'link': 'https://www.vocabulary.com',
 'positionID': 7,
 'title': 'clon - Dictionary Definition : Vocabulary.com'}
2019-07-31 11:27:17 [scrapy.core.scraper] DEBUG: Scraped from <200 https://www.google.com.ua/search?q=clon>
{'keywords': 'clon',
 'link': 'https://www.clonworks.com',
 'positionID': 8,
 'title': 'CLON - Home'}
2019-07-31 11:27:17 [scrapy.core.scraper] DEBUG: Scraped from <200 https://www.google.com.ua/search?q=clon>
{'keywords': 'clon',
 'link': 'https://en.wiktionary.org',
 'positionID': 9,
 'title': 'clon - Wiktionary'}
2019-07-31 11:27:17 [scrapy.core.scraper] DEBUG: Scraped from <200 https://www.google.com.ua/search?q=clon>
{'keywords': 'clon',
 'link': 'https://es.gizmodo.com',
 'positionID': 10,
 'title': 'La teoría del millonario y el primer clon humano - Gizmodo'}
2019-07-31 11:27:21 [scrapy.core.engine] DEBUG: Crawled (200) <GET https://www.google.com.ua/search?q=clon&ie=UTF-8&ei=5FBBXcD3No-qsgW3tIm4Aw&start=10> (referer: https://www.google.com.ua/search?q=clon)
2019-07-31 11:27:21 [scrapy.core.scraper] DEBUG: Scraped from <200 https://www.google.com.ua/search?q=clon&ie=UTF-8&ei=5FBBXcD3No-qsgW3tIm4Aw&start=10>
{'keywords': 'clon',
 'link': 'https://www.ivi.ru',
 'positionID': 11,
 'title': '18 лет спустя: актеры сериала «Клон» - Попкорн - Титр - Ivi'}
2019-07-31 11:27:21 [scrapy.core.scraper] DEBUG: Scraped from <200 https://www.google.com.ua/search?q=clon&ie=UTF-8&ei=5FBBXcD3No-qsgW3tIm4Aw&start=10>
{'keywords': 'clon',
 'link': 'https://vk.com',
 'positionID': 12,
 'title': 'علييف O Clone & El Clon | Жади & Хади عليي | ВКонтакте'}
2019-07-31 11:27:21 [scrapy.core.scraper] DEBUG: Scraped from <200 https://www.google.com.ua/search?q=clon&ie=UTF-8&ei=5FBBXcD3No-qsgW3tIm4Aw&start=10>
{'keywords': 'clon',
 'link': 'https://www.imdb.com',
 'positionID': 13,
 'title': 'El Clon (TV Series 2010– ) - IMDb'}
2019-07-31 11:27:21 [scrapy.core.scraper] DEBUG: Scraped from <200 https://www.google.com.ua/search?q=clon&ie=UTF-8&ei=5FBBXcD3No-qsgW3tIm4Aw&start=10>
{'keywords': 'clon',
 'link': 'https://www.urbandictionary.com',
 'positionID': 14,
 'title': 'CLON - Urban Dictionary'}
2019-07-31 11:27:21 [scrapy.core.scraper] DEBUG: Scraped from <200 https://www.google.com.ua/search?q=clon&ie=UTF-8&ei=5FBBXcD3No-qsgW3tIm4Aw&start=10>
{'keywords': 'clon',
 'link': 'https://www.elclon.com.uy',
 'positionID': 15,
 'title': 'El Clon'}
2019-07-31 11:27:21 [scrapy.core.scraper] DEBUG: Scraped from <200 https://www.google.com.ua/search?q=clon&ie=UTF-8&ei=5FBBXcD3No-qsgW3tIm4Aw&start=10>
{'keywords': 'clon',
 'link': 'https://memory-alpha.fandom.com',
 'positionID': 16,
 'title': 'Clone | Memory Alpha | FANDOM powered by Wikia'}
2019-07-31 11:27:21 [scrapy.core.scraper] DEBUG: Scraped from <200 https://www.google.com.ua/search?q=clon&ie=UTF-8&ei=5FBBXcD3No-qsgW3tIm4Aw&start=10>
{'keywords': 'clon',
 'link': 'https://www.wine-searcher.com',
 'positionID': 17,
 'title': "Bodegas Emilio Moro 'Clon de la Familia', Ribe ... | prices, stores "
          '...'}
2019-07-31 11:27:21 [scrapy.core.scraper] DEBUG: Scraped from <200 https://www.google.com.ua/search?q=clon&ie=UTF-8&ei=5FBBXcD3No-qsgW3tIm4Aw&start=10>
{'keywords': 'clon',
 'link': 'https://www.facebook.com',
 'positionID': 18,
 'title': 'Website Nightclub at The Clon - Home | Facebook'}
2019-07-31 11:27:21 [scrapy.core.scraper] DEBUG: Scraped from <200 https://www.google.com.ua/search?q=clon&ie=UTF-8&ei=5FBBXcD3No-qsgW3tIm4Aw&start=10>
{'keywords': 'clon',
 'link': 'https://open.spotify.com',
 'positionID': 19,
 'title': 'Clon on Spotify'}
2019-07-31 11:27:21 [scrapy.core.scraper] DEBUG: Scraped from <200 https://www.google.com.ua/search?q=clon&ie=UTF-8&ei=5FBBXcD3No-qsgW3tIm4Aw&start=10>
{'keywords': 'clon',
 'link': 'https://www.hipra.com',
 'positionID': 20,
 'title': 'HIPRAVIAR® CLON/H120 - HIPRA'}
2019-07-31 11:27:25 [scrapy.core.engine] DEBUG: Crawled (200) <GET https://www.google.com.ua/search?q=clon&ie=UTF-8&ei=6VBBXcmRBYOWsgWO5pCwDQ&start=20> (referer: https://www.google.com.ua/search?q=clon&ie=UTF-8&ei=5FBBXcD3No-qsgW3tIm4Aw&start=10)
2019-07-31 11:27:25 [scrapy.core.scraper] DEBUG: Scraped from <200 https://www.google.com.ua/search?q=clon&ie=UTF-8&ei=6VBBXcmRBYOWsgWO5pCwDQ&start=20>
{'keywords': 'clon',
 'link': 'https://www.instagram.com',
 'positionID': 21,
 'title': '#clon hashtag on Instagram • Photos and Videos'}
2019-07-31 11:27:25 [scrapy.core.scraper] DEBUG: Scraped from <200 https://www.google.com.ua/search?q=clon&ie=UTF-8&ei=6VBBXcmRBYOWsgWO5pCwDQ&start=20>
{'keywords': 'clon',
 'link': 'https://finance.yahoo.com',
 'positionID': 22,
 'title': 'CLONTARF ENERGY PLC ORD 0.25P (CLON.L) Stock Price, Quote ...'}
2019-07-31 11:27:25 [scrapy.core.scraper] DEBUG: Scraped from <200 https://www.google.com.ua/search?q=clon&ie=UTF-8&ei=6VBBXcmRBYOWsgWO5pCwDQ&start=20>
{'keywords': 'clon',
 'link': 'https://clon.com.ua',
 'positionID': 23,
 'title': 'Полиграфия Харьков Clon, типография, печать, цены, услуги'}
2019-07-31 11:27:25 [scrapy.core.scraper] DEBUG: Scraped from <200 https://www.google.com.ua/search?q=clon&ie=UTF-8&ei=6VBBXcmRBYOWsgWO5pCwDQ&start=20>
{'keywords': 'clon',
 'link': 'https://www.biotestlab.ua',
 'positionID': 24,
 'title': 'ПОЛІМУН НХ КЛОН 124'}
2019-07-31 11:27:25 [scrapy.core.scraper] DEBUG: Scraped from <200 https://www.google.com.ua/search?q=clon&ie=UTF-8&ei=6VBBXcmRBYOWsgWO5pCwDQ&start=20>
{'keywords': 'clon',
 'link': 'https://rezka.ag',
 'positionID': 25,
 'title': 'Смотреть сериал Клон онлайн бесплатно в хорошем качестве'}
2019-07-31 11:27:25 [scrapy.core.scraper] DEBUG: Scraped from <200 https://www.google.com.ua/search?q=clon&ie=UTF-8&ei=6VBBXcmRBYOWsgWO5pCwDQ&start=20>
{'keywords': 'clon',
 'link': 'https://www.eventbrite.ie',
 'positionID': 26,
 'title': 'Better Life Cycle: Clon to Clon Challenge 2019 Registration, Sat 1 '
          '...'}
2019-07-31 11:27:25 [scrapy.core.scraper] DEBUG: Scraped from <200 https://www.google.com.ua/search?q=clon&ie=UTF-8&ei=6VBBXcmRBYOWsgWO5pCwDQ&start=20>
{'keywords': 'clon',
 'link': 'https://www.britannica.com',
 'positionID': 27,
 'title': 'Clone | genetics | Britannica.com'}
2019-07-31 11:27:25 [scrapy.core.scraper] DEBUG: Scraped from <200 https://www.google.com.ua/search?q=clon&ie=UTF-8&ei=6VBBXcmRBYOWsgWO5pCwDQ&start=20>
{'keywords': 'clon',
 'link': 'https://www.londonstockexchange.com',
 'positionID': 28,
 'title': 'CLONTARF share price (CLON) - London Stock Exchange'}
2019-07-31 11:27:25 [scrapy.core.scraper] DEBUG: Scraped from <200 https://www.google.com.ua/search?q=clon&ie=UTF-8&ei=6VBBXcmRBYOWsgWO5pCwDQ&start=20>
{'keywords': 'clon',
 'link': 'https://plus.pointblankmusicschool.com',
 'positionID': 29,
 'title': 'See CLON & NWRMNTC Present Their New Project META'}
2019-07-31 11:27:25 [scrapy.core.scraper] DEBUG: Scraped from <200 https://www.google.com.ua/search?q=clon&ie=UTF-8&ei=6VBBXcmRBYOWsgWO5pCwDQ&start=20>
{'keywords': 'clon',
 'link': 'https://www.arup.com',
 'positionID': 30,
 'title': 'Clon Ulrick - Arup'}
2019-07-31 11:27:28 [scrapy.core.engine] INFO: Closing spider (finished)
2019-07-31 11:27:28 [scrapy.statscollectors] INFO: Dumping Scrapy stats:
{'downloader/request_bytes': 874,
 'downloader/request_count': 3,
 'downloader/request_method_count/GET': 3,
 'downloader/response_bytes': 88169,
 'downloader/response_count': 3,
 'downloader/response_status_count/200': 3,
 'finish_reason': 'finished',
 'finish_time': datetime.datetime(2019, 7, 31, 8, 27, 28, 937787),
 'item_scraped_count': 30,
 'log_count/DEBUG': 33,
 'log_count/INFO': 9,
 'memusage/max': 69054464,
 'memusage/startup': 69054464,
 'request_depth_max': 2,
 'response_received_count': 3,
 'scheduler/dequeued': 3,
 'scheduler/dequeued/memory': 3,
 'scheduler/enqueued': 3,
 'scheduler/enqueued/memory': 3,
 'start_time': datetime.datetime(2019, 7, 31, 8, 27, 16, 739023)}
2019-07-31 11:27:28 [scrapy.core.engine] INFO: Spider closed (finished)
